[debug] ----------------------------------------------------------------------
[debug] Command:      /usr/local/bin/node /usr/local/bin/firebase serve
[debug] CLI Version:  3.1.0
[debug] Platform:     darwin
[debug] Node Version: v6.6.0
[debug] Time:         Wed Jan 04 2017 11:13:37 GMT-0300 (ART)
[debug] ----------------------------------------------------------------------
[debug] 
[info] Starting Firebase development server...
[info] 
[info] Project Directory: /Users/mpunx/Desktop/bknd
[info] Public Directory: public
[info] 
[info] Server listening at: http://localhost:5000
[debug] ----------------------------------------------------------------------
[debug] Command:      /usr/local/bin/node /usr/local/bin/firebase serve
[debug] CLI Version:  3.1.0
[debug] Platform:     darwin
[debug] Node Version: v6.6.0
[debug] Time:         Wed Jan 11 2017 15:02:40 GMT-0300 (ART)
[debug] ----------------------------------------------------------------------
[debug] 
[info] Starting Firebase development server...
[info] 
[info] Project Directory: /Users/mpunx/Desktop/bknd
[info] Public Directory: public
[info] 
[info] Server listening at: http://localhost:5000
